<?xml version="1.0" encoding="UTF-8"?>
<!-- Generated by org.testng.reporters.JUnitXMLReporter -->
<testsuite hostname="LIN19000931" ignored="0" name="Package with subpackages" tests="1" failures="1" timestamp="23 Jul 2018 13:09:09 GMT" time="142.445" errors="0">
  <testcase name="feature" time="141.995" classname="cucumber.api.testng.AbstractTestNGCucumberTests">
    <failure type="cucumber.runtime.CucumberException" message="java.lang.NullPointerException">
      <![CDATA[cucumber.runtime.CucumberException: java.lang.NullPointerException
	at cucumber.api.testng.TestNGCucumberRunner.runCucumber(TestNGCucumberRunner.java:69)
	at cucumber.api.testng.AbstractTestNGCucumberTests.feature(AbstractTestNGCucumberTests.java:21)
Caused by: java.lang.NullPointerException
	at com.dcx.util.BaseTest.getTextFromElement(BaseTest.java:216)
	at com.dcx.testcases_stepdefination.findDistanceTest.distance_between_the_location_should_be(findDistanceTest.java:56)
	at ✽.Then Distance found in "DistanceOutput_xpath" should be correct(findDistance.feature:14)
... Removed 25 stack frames]]>
    </failure>
  </testcase> <!-- feature -->
</testsuite> <!-- Package with subpackages -->
