<?xml version="1.0" encoding="UTF-8"?>
<testng-results skipped="0" failed="0" total="1" passed="1">
  <reporter-output>
  </reporter-output>
  <suite name="Test runner" duration-ms="247066" started-at="2018-07-26T05:01:07Z" finished-at="2018-07-26T05:05:14Z">
    <groups>
      <group name="cucumber">
        <method signature="AbstractTestNGCucumberTests.feature(cucumber.api.testng.CucumberFeatureWrapper)[pri:0, instance:com.dcx.runner.Runner@91161c7]" name="feature" class="cucumber.api.testng.AbstractTestNGCucumberTests"/>
      </group> <!-- cucumber -->
    </groups>
    <test name="Package with subpackages" duration-ms="247066" started-at="2018-07-26T05:01:07Z" finished-at="2018-07-26T05:05:14Z">
      <class name="com.dcx.runner.Runner">
        <test-method status="PASS" signature="setUpClass()[pri:0, instance:com.dcx.runner.Runner@91161c7]" name="setUpClass" is-config="true" duration-ms="732" started-at="2018-07-26T10:31:07Z" finished-at="2018-07-26T10:31:08Z">
          <reporter-output>
          </reporter-output>
        </test-method> <!-- setUpClass -->
        <test-method status="PASS" signature="feature(cucumber.api.testng.CucumberFeatureWrapper)[pri:0, instance:com.dcx.runner.Runner@91161c7]" name="feature" duration-ms="246020" started-at="2018-07-26T10:31:08Z" description="Runs Cucumber Feature" data-provider="features" finished-at="2018-07-26T10:35:14Z">
          <params>
            <param index="0">
              <value>
                <![CDATA[Finding distance in two locations]]>
              </value>
            </param>
          </params>
          <reporter-output>
          </reporter-output>
        </test-method> <!-- feature -->
        <test-method status="PASS" signature="tearDownClass()[pri:0, instance:com.dcx.runner.Runner@91161c7]" name="tearDownClass" is-config="true" duration-ms="88" started-at="2018-07-26T10:35:14Z" finished-at="2018-07-26T10:35:14Z">
          <reporter-output>
          </reporter-output>
        </test-method> <!-- tearDownClass -->
      </class> <!-- com.dcx.runner.Runner -->
    </test> <!-- Package with subpackages -->
  </suite> <!-- Test runner -->
</testng-results>
