<?xml version="1.0" encoding="UTF-8"?>
<testng-results skipped="0" failed="1" ignored="0" total="1" passed="0">
  <reporter-output>
  </reporter-output>
  <suite name="Test runner" duration-ms="142445" started-at="2018-07-23T13:06:47Z" finished-at="2018-07-23T13:09:09Z">
    <groups>
      <group name="cucumber">
        <method signature="AbstractTestNGCucumberTests.feature(cucumber.api.testng.CucumberFeatureWrapper)[pri:0, instance:com.dcx.runner.Runner@76707e36]" name="feature" class="cucumber.api.testng.AbstractTestNGCucumberTests"/>
      </group> <!-- cucumber -->
    </groups>
    <test name="Package with subpackages" duration-ms="142445" started-at="2018-07-23T13:06:47Z" finished-at="2018-07-23T13:09:09Z">
      <class name="com.dcx.runner.Runner">
        <test-method status="PASS" signature="setUpClass()[pri:0, instance:com.dcx.runner.Runner@76707e36]" name="setUpClass" is-config="true" duration-ms="280" started-at="2018-07-23T18:36:47Z" finished-at="2018-07-23T18:36:47Z">
          <reporter-output>
          </reporter-output>
        </test-method> <!-- setUpClass -->
        <test-method status="FAIL" signature="feature(cucumber.api.testng.CucumberFeatureWrapper)[pri:0, instance:com.dcx.runner.Runner@76707e36]" name="feature" duration-ms="141995" started-at="2018-07-23T18:36:47Z" description="Runs Cucumber Feature" data-provider="features" finished-at="2018-07-23T18:39:09Z">
          <params>
            <param index="0">
              <value>
                <![CDATA[Finding distance in two locations]]>
              </value>
            </param>
          </params>
          <exception class="cucumber.runtime.CucumberException">
            <message>
              <![CDATA[java.lang.NullPointerException]]>
            </message>
            <full-stacktrace>
              <![CDATA[cucumber.runtime.CucumberException: java.lang.NullPointerException
	at cucumber.api.testng.TestNGCucumberRunner.runCucumber(TestNGCucumberRunner.java:69)
	at cucumber.api.testng.AbstractTestNGCucumberTests.feature(AbstractTestNGCucumberTests.java:21)
	at sun.reflect.NativeMethodAccessorImpl.invoke0(Native Method)
	at sun.reflect.NativeMethodAccessorImpl.invoke(Unknown Source)
	at sun.reflect.DelegatingMethodAccessorImpl.invoke(Unknown Source)
	at java.lang.reflect.Method.invoke(Unknown Source)
	at org.testng.internal.MethodInvocationHelper.invokeMethod(MethodInvocationHelper.java:108)
	at org.testng.internal.Invoker.invokeMethod(Invoker.java:669)
	at org.testng.internal.Invoker.invokeTestMethod(Invoker.java:877)
	at org.testng.internal.Invoker.invokeTestMethods(Invoker.java:1201)
	at org.testng.internal.TestMethodWorker.invokeTestMethods(TestMethodWorker.java:125)
	at org.testng.internal.TestMethodWorker.run(TestMethodWorker.java:109)
	at org.testng.TestRunner.privateRun(TestRunner.java:776)
	at org.testng.TestRunner.run(TestRunner.java:634)
	at org.testng.SuiteRunner.runTest(SuiteRunner.java:425)
	at org.testng.SuiteRunner.runSequentially(SuiteRunner.java:420)
	at org.testng.SuiteRunner.privateRun(SuiteRunner.java:385)
	at org.testng.SuiteRunner.run(SuiteRunner.java:334)
	at org.testng.SuiteRunnerWorker.runSuite(SuiteRunnerWorker.java:52)
	at org.testng.SuiteRunnerWorker.run(SuiteRunnerWorker.java:86)
	at org.testng.TestNG.runSuitesSequentially(TestNG.java:1318)
	at org.testng.TestNG.runSuitesLocally(TestNG.java:1243)
	at org.testng.TestNG.runSuites(TestNG.java:1161)
	at org.testng.TestNG.run(TestNG.java:1129)
	at org.testng.remote.AbstractRemoteTestNG.run(AbstractRemoteTestNG.java:114)
	at org.testng.remote.RemoteTestNG.initAndRun(RemoteTestNG.java:251)
	at org.testng.remote.RemoteTestNG.main(RemoteTestNG.java:77)
Caused by: java.lang.NullPointerException
	at com.dcx.util.BaseTest.getTextFromElement(BaseTest.java:216)
	at com.dcx.testcases_stepdefination.findDistanceTest.distance_between_the_location_should_be(findDistanceTest.java:56)
	at ✽.Then Distance found in "DistanceOutput_xpath" should be correct(findDistance.feature:14)
]]>
            </full-stacktrace>
          </exception> <!-- cucumber.runtime.CucumberException -->
          <reporter-output>
          </reporter-output>
        </test-method> <!-- feature -->
        <test-method status="PASS" signature="tearDownClass()[pri:0, instance:com.dcx.runner.Runner@76707e36]" name="tearDownClass" is-config="true" duration-ms="47" started-at="2018-07-23T18:39:09Z" finished-at="2018-07-23T18:39:09Z">
          <reporter-output>
          </reporter-output>
        </test-method> <!-- tearDownClass -->
      </class> <!-- com.dcx.runner.Runner -->
    </test> <!-- Package with subpackages -->
  </suite> <!-- Test runner -->
</testng-results>
